This is pdfTeX, Version 3.1415926-2.3-1.40.12 (MiKTeX 2.9) (preloaded format=pdflatex 2017.10.18)  20 DEC 2017 22:08
entering extended mode
**report.tex
("C:\Users\Tex\Desktop\课\cs633\project\final project\report\report\report.tex
"
LaTeX2e <2011/06/27>
Babel <v3.8m> and hyphenation patterns for loaded.
(C:\CTEX\MiKTeX\tex\latex\base\article.cls
Document Class: article 2007/10/19 v1.4h Standard LaTeX document class
(C:\CTEX\MiKTeX\tex\latex\base\size11.clo
File: size11.clo 2007/10/19 v1.4h Standard LaTeX file (size option)
)
\c@part=\count79
\c@section=\count80
\c@subsection=\count81
\c@subsubsection=\count82
\c@paragraph=\count83
\c@subparagraph=\count84
\c@figure=\count85
\c@table=\count86
\abovecaptionskip=\skip41
\belowcaptionskip=\skip42
\bibindent=\dimen102
)
(C:\CTEX\MiKTeX\tex\latex\base\latexsym.sty
Package: latexsym 1998/08/17 v2.2e Standard LaTeX package (lasy symbols)
\symlasy=\mathgroup4
LaTeX Font Info:    Overwriting symbol font `lasy' in version `bold'
(Font)                  U/lasy/m/n --> U/lasy/b/n on input line 47.
)
(C:\CTEX\MiKTeX\tex\latex\ams\math\amsmath.sty
Package: amsmath 2000/07/18 v2.13 AMS math features
\@mathmargin=\skip43

For additional information on amsmath, use the `?' option.
(C:\CTEX\MiKTeX\tex\latex\ams\math\amstext.sty
Package: amstext 2000/06/29 v2.01

(C:\CTEX\MiKTeX\tex\latex\ams\math\amsgen.sty
File: amsgen.sty 1999/11/30 v2.0
\@emptytoks=\toks14
\ex@=\dimen103
))
(C:\CTEX\MiKTeX\tex\latex\ams\math\amsbsy.sty
Package: amsbsy 1999/11/29 v1.2d
\pmbraise@=\dimen104
)
(C:\CTEX\MiKTeX\tex\latex\ams\math\amsopn.sty
Package: amsopn 1999/12/14 v2.01 operator names
)
\inf@bad=\count87
LaTeX Info: Redefining \frac on input line 211.
\uproot@=\count88
\leftroot@=\count89
LaTeX Info: Redefining \overline on input line 307.
\classnum@=\count90
\DOTSCASE@=\count91
LaTeX Info: Redefining \ldots on input line 379.
LaTeX Info: Redefining \dots on input line 382.
LaTeX Info: Redefining \cdots on input line 467.
\Mathstrutbox@=\box26
\strutbox@=\box27
\big@size=\dimen105
LaTeX Font Info:    Redeclaring font encoding OML on input line 567.
LaTeX Font Info:    Redeclaring font encoding OMS on input line 568.
\macc@depth=\count92
\c@MaxMatrixCols=\count93
\dotsspace@=\muskip10
\c@parentequation=\count94
\dspbrk@lvl=\count95
\tag@help=\toks15
\row@=\count96
\column@=\count97
\maxfields@=\count98
\andhelp@=\toks16
\eqnshift@=\dimen106
\alignsep@=\dimen107
\tagshift@=\dimen108
\tagwidth@=\dimen109
\totwidth@=\dimen110
\lineht@=\dimen111
\@envbody=\toks17
\multlinegap=\skip44
\multlinetaggap=\skip45
\mathdisplay@stack=\toks18
LaTeX Info: Redefining \[ on input line 2666.
LaTeX Info: Redefining \] on input line 2667.
)
(C:\CTEX\MiKTeX\tex\latex\amsfonts\amssymb.sty
Package: amssymb 2009/06/22 v3.00

(C:\CTEX\MiKTeX\tex\latex\amsfonts\amsfonts.sty
Package: amsfonts 2009/06/22 v3.00 Basic AMSFonts support
\symAMSa=\mathgroup5
\symAMSb=\mathgroup6
LaTeX Font Info:    Overwriting math alphabet `\mathfrak' in version `bold'
(Font)                  U/euf/m/n --> U/euf/b/n on input line 96.
))
(C:\CTEX\MiKTeX\tex\latex\ams\classes\amsthm.sty
Package: amsthm 2004/08/06 v2.20
\thm@style=\toks19
\thm@bodyfont=\toks20
\thm@headfont=\toks21
\thm@notefont=\toks22
\thm@headpunct=\toks23
\thm@preskip=\skip46
\thm@postskip=\skip47
\thm@headsep=\skip48
\dth@everypar=\toks24
)
(C:\CTEX\MiKTeX\tex\latex\graphics\graphicx.sty
Package: graphicx 1999/02/16 v1.0f Enhanced LaTeX Graphics (DPC,SPQR)

(C:\CTEX\MiKTeX\tex\latex\graphics\keyval.sty
Package: keyval 1999/03/16 v1.13 key=value parser (DPC)
\KV@toks@=\toks25
)
(C:\CTEX\MiKTeX\tex\latex\graphics\graphics.sty
Package: graphics 2009/02/05 v1.0o Standard LaTeX Graphics (DPC,SPQR)

(C:\CTEX\MiKTeX\tex\latex\graphics\trig.sty
Package: trig 1999/03/16 v1.09 sin cos tan (DPC)
)
(C:\CTEX\MiKTeX\tex\latex\00miktex\graphics.cfg
File: graphics.cfg 2007/01/18 v1.5 graphics configuration of teTeX/TeXLive
)
Package graphics Info: Driver file: pdftex.def on input line 91.

(C:\CTEX\MiKTeX\tex\latex\pdftex-def\pdftex.def
File: pdftex.def 2011/05/27 v0.06d Graphics/color for pdfTeX

(C:\CTEX\MiKTeX\tex\generic\oberdiek\infwarerr.sty
Package: infwarerr 2010/04/08 v1.3 Providing info/warning/message (HO)
)
(C:\CTEX\MiKTeX\tex\generic\oberdiek\ltxcmds.sty
Package: ltxcmds 2011/04/18 v1.20 LaTeX kernel commands for general use (HO)
)
\Gread@gobject=\count99
))
\Gin@req@height=\dimen112
\Gin@req@width=\dimen113
)
(C:\CTEX\MiKTeX\tex\latex\wrapfig\wrapfig.sty
\wrapoverhang=\dimen114
\WF@size=\dimen115
\c@WF@wrappedlines=\count100
\WF@box=\box28
\WF@everypar=\toks26
Package: wrapfig 2003/01/31  v 3.6
)
(C:\CTEX\MiKTeX\tex\latex\pseudocode\pseudocode.sty
** 
** Document Style `pseudocode' - environment 
** by D.L. Kreher and D.R. Stinson 
** 
** The pseudocode environment was originally developed for the book
** Combinatorial Algorithms: Enumeration, Generation, and Search
** CRC Press, 1999. 
Package: pseudocode 
\pcode@width=\skip49
(C:\CTEX\MiKTeX\tex\latex\fancybox\fancybox.sty
Package: fancybox 2010/05/15 1.4

Style option: `fancybox' v1.4 <2010/05/15> (tvz)
\@fancybox=\box29
\shadowsize=\dimen116
\@Sbox=\box30
\do@VerbBox=\toks27
\the@fancyput=\toks28
\this@fancyput=\toks29
\EndVerbatimTokens=\toks30
\Verbatim@Outfile=\write3
\Verbatim@Infile=\read1
) (C:\CTEX\MiKTeX\tex\latex\base\ifthen.sty
Package: ifthen 2001/05/26 v1.1c Standard LaTeX ifthen package (DPC)
)
\c@pseudocode=\count101
\c@pseudonum=\count102
)
(C:\CTEX\MiKTeX\tex\latex\ltxmisc\url.sty
\Urlmuskip=\muskip11
Package: url 2006/04/12  ver 3.3  Verb mode for urls, etc.
)
(C:\CTEX\MiKTeX\tex\latex\hyperref\hyperref.sty
Package: hyperref 2012/02/06 v6.82o Hypertext links for LaTeX

(C:\CTEX\MiKTeX\tex\generic\oberdiek\hobsub-hyperref.sty
Package: hobsub-hyperref 2011/04/23 v1.4 Bundle oberdiek, subset hyperref (HO)

(C:\CTEX\MiKTeX\tex\generic\oberdiek\hobsub-generic.sty
Package: hobsub-generic 2011/04/23 v1.4 Bundle oberdiek, subset generic (HO)
Package: hobsub 2011/04/23 v1.4 Subsetting bundle oberdiek (HO)
Package hobsub Info: Skipping package `infwarerr' (already loaded).
Package hobsub Info: Skipping package `ltxcmds' (already loaded).
Package: ifluatex 2010/03/01 v1.3 Provides the ifluatex switch (HO)
Package ifluatex Info: LuaTeX not detected.
Package: ifvtex 2010/03/01 v1.5 Switches for detecting VTeX and its modes (HO)
Package ifvtex Info: VTeX not detected.
Package: intcalc 2007/09/27 v1.1 Expandable integer calculations (HO)
Package: ifpdf 2011/01/30 v2.3 Provides the ifpdf switch (HO)
Package ifpdf Info: pdfTeX in PDF mode is detected.
Package: etexcmds 2011/02/16 v1.5 Prefix for e-TeX command names (HO)
Package etexcmds Info: Could not find \expanded.
(etexcmds)             That can mean that you are not using pdfTeX 1.50 or
(etexcmds)             that some package has redefined \expanded.
(etexcmds)             In the latter case, load this package earlier.
Package: kvsetkeys 2011/04/07 v1.13 Key value parser (HO)
Package: kvdefinekeys 2011/04/07 v1.3 Defining keys (HO)
Package: pdftexcmds 2011/04/22 v0.16 Utilities of pdfTeX for LuaTeX (HO)
Package pdftexcmds Info: LuaTeX not detected.
Package pdftexcmds Info: \pdf@primitive is available.
Package pdftexcmds Info: \pdf@ifprimitive is available.
Package pdftexcmds Info: \pdfdraftmode found.
Package: pdfescape 2011/04/04 v1.12 Provides string conversions (HO)
Package: bigintcalc 2011/01/30 v1.2 Expandable big integer calculations (HO)
Package: bitset 2011/01/30 v1.1 Data type bit set (HO)
Package: uniquecounter 2011/01/30 v1.2 Provides unlimited unique counter (HO)
)
Package hobsub Info: Skipping package `hobsub' (already loaded).
Package: letltxmacro 2010/09/02 v1.4 Let assignment for LaTeX macros (HO)
Package: hopatch 2011/01/30 v1.0 Wrapper for package hooks (HO)
Package: xcolor-patch 2011/01/30 xcolor patch
Package: atveryend 2011/04/23 v1.7 Hooks at very end of document (HO)
Package: atbegshi 2011/01/30 v1.15 At begin shipout hook (HO)
Package: refcount 2010/12/01 v3.2 Data extraction from references (HO)
Package: hycolor 2011/01/30 v1.7 Color options of hyperref/bookmark (HO)
)
(C:\CTEX\MiKTeX\tex\generic\ifxetex\ifxetex.sty
Package: ifxetex 2010/09/12 v0.6 Provides ifxetex conditional
)
(C:\CTEX\MiKTeX\tex\latex\oberdiek\kvoptions.sty
Package: kvoptions 2010/12/23 v3.10 Keyval support for LaTeX options (HO)
)
\@linkdim=\dimen117
\Hy@linkcounter=\count103
\Hy@pagecounter=\count104

(C:\CTEX\MiKTeX\tex\latex\hyperref\pd1enc.def
File: pd1enc.def 2012/02/06 v6.82o Hyperref: PDFDocEncoding definition (HO)
)
\Hy@SavedSpaceFactor=\count105

(C:\CTEX\MiKTeX\tex\latex\00miktex\hyperref.cfg
File: hyperref.cfg 2002/06/06 v1.2 hyperref configuration of TeXLive
)
Package hyperref Info: Option `colorlinks' set `true' on input line 3925.
Package hyperref Info: Hyper figures OFF on input line 4046.
Package hyperref Info: Link nesting OFF on input line 4051.
Package hyperref Info: Hyper index ON on input line 4054.
Package hyperref Info: Plain pages OFF on input line 4061.
Package hyperref Info: Backreferencing ON on input line 4064.
Package hyperref Info: Implicit mode ON; LaTeX internals redefined.
Package hyperref Info: Bookmarks ON on input line 4284.

(C:\CTEX\MiKTeX\tex\latex\hyperref\backref.sty
Package: backref 2010/08/30 v1.36 Bibliographical back referencing

(C:\CTEX\MiKTeX\tex\latex\oberdiek\rerunfilecheck.sty
Package: rerunfilecheck 2011/04/15 v1.7 Rerun checks for auxiliary files (HO)
Package uniquecounter Info: New unique counter `rerunfilecheck' on input line 2
82.
))
\c@Hy@tempcnt=\count106
LaTeX Info: Redefining \url on input line 4637.
\Fld@menulength=\count107
\Field@Width=\dimen118
\Fld@charsize=\dimen119
Package hyperref Info: Hyper figures OFF on input line 5757.
Package hyperref Info: Link nesting OFF on input line 5762.
Package hyperref Info: Hyper index ON on input line 5765.
Package hyperref Info: backreferencing ON on input line 5770.
Package hyperref Info: Link coloring ON on input line 5775.
Package hyperref Info: Link coloring with OCG OFF on input line 5782.
Package hyperref Info: PDF/A mode OFF on input line 5787.
LaTeX Info: Redefining \ref on input line 5827.
LaTeX Info: Redefining \pageref on input line 5831.
\Hy@abspage=\count108
\c@Item=\count109
\c@Hfootnote=\count110
)

Package hyperref Message: Driver (autodetected): hpdftex.

(C:\CTEX\MiKTeX\tex\latex\hyperref\hpdftex.def
File: hpdftex.def 2012/02/06 v6.82o Hyperref driver for pdfTeX
\Fld@listcount=\count111
\c@bookmark@seq@number=\count112
\Hy@SectionHShift=\skip50
)
(C:\CTEX\MiKTeX\tex\latex\subfig\subfig.sty
Package: subfig 2005/06/28 ver: 1.3 subfig package

(C:\CTEX\MiKTeX\tex\latex\caption\caption.sty
Package: caption 2011/11/10 v3.2e Customizing captions (AR)

(C:\CTEX\MiKTeX\tex\latex\caption\caption3.sty
Package: caption3 2011/11/01 v1.4a caption3 kernel (AR)
\captionmargin=\dimen120
\captionmargin@=\dimen121
\captionwidth=\dimen122
\caption@indent=\dimen123
\caption@parindent=\dimen124
\caption@hangindent=\dimen125
)
\c@ContinuedFloat=\count113
Package caption Info: hyperref package is loaded.
Package caption Info: wrapfig package is loaded.
)
\c@KVtest=\count114
\sf@farskip=\skip51
\sf@captopadj=\dimen126
\sf@capskip=\skip52
\sf@nearskip=\skip53
\c@subfigure=\count115
\c@subfigure@save=\count116
\c@lofdepth=\count117
\c@subtable=\count118
\c@subtable@save=\count119
\c@lotdepth=\count120
\sf@top=\skip54
\sf@bottom=\skip55
)
\c@theorem=\count121

("C:\Users\Tex\Desktop\课\cs633\project\final project\report\report\report.aux
"

LaTeX Warning: Label `skyline' multiply defined.


LaTeX Warning: Label `skyline' multiply defined.


LaTeX Warning: Label `skyline' multiply defined.


LaTeX Warning: Label `skyline' multiply defined.


LaTeX Warning: Label `skyline' multiply defined.


LaTeX Warning: Label `skyline' multiply defined.


LaTeX Warning: Label `skyline' multiply defined.


LaTeX Warning: Label `skyline' multiply defined.


LaTeX Warning: Label `skyline' multiply defined.


LaTeX Warning: Label `skyline' multiply defined.


LaTeX Warning: Label `skyline' multiply defined.


LaTeX Warning: Label `skyline' multiply defined.


LaTeX Warning: Label `skyline' multiply defined.


LaTeX Warning: Label `skyline' multiply defined.


LaTeX Warning: Label `skyline' multiply defined.


LaTeX Warning: Label `skyline' multiply defined.


LaTeX Warning: Label `skyline' multiply defined.


LaTeX Warning: Label `skyline' multiply defined.


LaTeX Warning: Label `skyline' multiply defined.


LaTeX Warning: Label `skyline' multiply defined.


LaTeX Warning: Label `skyline' multiply defined.


LaTeX Warning: Label `skyline' multiply defined.

)
LaTeX Font Info:    Checking defaults for OML/cmm/m/it on input line 57.
LaTeX Font Info:    ... okay on input line 57.
LaTeX Font Info:    Checking defaults for T1/cmr/m/n on input line 57.
LaTeX Font Info:    ... okay on input line 57.
LaTeX Font Info:    Checking defaults for OT1/cmr/m/n on input line 57.
LaTeX Font Info:    ... okay on input line 57.
LaTeX Font Info:    Checking defaults for OMS/cmsy/m/n on input line 57.
LaTeX Font Info:    ... okay on input line 57.
LaTeX Font Info:    Checking defaults for OMX/cmex/m/n on input line 57.
LaTeX Font Info:    ... okay on input line 57.
LaTeX Font Info:    Checking defaults for U/cmr/m/n on input line 57.
LaTeX Font Info:    ... okay on input line 57.
LaTeX Font Info:    Checking defaults for PD1/pdf/m/n on input line 57.
LaTeX Font Info:    ... okay on input line 57.
 (C:\CTEX\MiKTeX\tex\context\base\supp-pdf.mkii
[Loading MPS to PDF converter (version 2006.09.02).]
\scratchcounter=\count122
\scratchdimen=\dimen127
\scratchbox=\box31
\nofMPsegments=\count123
\nofMParguments=\count124
\everyMPshowfont=\toks31
\MPscratchCnt=\count125
\MPscratchDim=\dimen128
\MPnumerator=\count126
\makeMPintoPDFobject=\count127
\everyMPtoPDFconversion=\toks32
)
\AtBeginShipoutBox=\box32
 (C:\CTEX\MiKTeX\tex\latex\graphics\color.sty
Package: color 2005/11/14 v1.0j Standard LaTeX Color (DPC)

(C:\CTEX\MiKTeX\tex\latex\00miktex\color.cfg
File: color.cfg 2007/01/18 v1.5 color configuration of teTeX/TeXLive
)
Package color Info: Driver file: pdftex.def on input line 130.
)
Package hyperref Info: Link coloring ON on input line 57.

(C:\CTEX\MiKTeX\tex\latex\hyperref\nameref.sty
Package: nameref 2010/04/30 v2.40 Cross-referencing by name of section

(C:\CTEX\MiKTeX\tex\generic\oberdiek\gettitlestring.sty
Package: gettitlestring 2010/12/03 v1.4 Cleanup title references (HO)
)
\c@section@level=\count128
)
LaTeX Info: Redefining \ref on input line 57.
LaTeX Info: Redefining \pageref on input line 57.
LaTeX Info: Redefining \nameref on input line 57.

("C:\Users\Tex\Desktop\课\cs633\project\final project\report\report\report.out
")
("C:\Users\Tex\Desktop\课\cs633\project\final project\report\report\report.out
")
\@outlinefile=\write4
Package caption Info: Begin \AtBeginDocument code.
Package caption Info: subfig package v1.3 is loaded.
Package caption Info: End \AtBeginDocument code.
 <FIGS/examples/1.png, id=71, 424.58624pt x 187.45032pt>
File: FIGS/examples/1.png Graphic file (type png)

<use FIGS/examples/1.png>
Package pdftex.def Info: FIGS/examples/1.png used on input line 93.
(pdftex.def)             Requested size: 187.9027pt x 82.95604pt.
LaTeX Font Info:    Try loading font information for U+lasy on input line 96.
 (C:\CTEX\MiKTeX\tex\latex\base\ulasy.fd
File: ulasy.fd 1998/08/17 v2.2e LaTeX symbol font definitions
)
LaTeX Font Info:    Try loading font information for U+msa on input line 96.

(C:\CTEX\MiKTeX\tex\latex\amsfonts\umsa.fd
File: umsa.fd 2009/06/22 v3.00 AMS symbols A
)
LaTeX Font Info:    Try loading font information for U+msb on input line 96.

(C:\CTEX\MiKTeX\tex\latex\amsfonts\umsb.fd
File: umsb.fd 2009/06/22 v3.00 AMS symbols B
) [1

{C:/CTEX/UserData/pdftex/config/pdftex.map{Unicode.sfd}{UGBK.sfd}}]
<FIGS/examples/2.png, id=82, 405.76593pt x 304.13625pt>
File: FIGS/examples/2.png Graphic file (type png)

<use FIGS/examples/2.png>
Package pdftex.def Info: FIGS/examples/2.png used on input line 114.
(pdftex.def)             Requested size: 124.01646pt x 92.95401pt.

<FIGS/examples/3.png, id=83, 405.01312pt x 304.13625pt>
File: FIGS/examples/3.png Graphic file (type png)

<use FIGS/examples/3.png>
Package pdftex.def Info: FIGS/examples/3.png used on input line 120.
(pdftex.def)             Requested size: 124.01646pt x 93.12572pt.

<FIGS/examples/4.png, id=84, 405.01312pt x 304.13625pt>
File: FIGS/examples/4.png Graphic file (type png)

<use FIGS/examples/4.png>
Package pdftex.def Info: FIGS/examples/4.png used on input line 126.
(pdftex.def)             Requested size: 124.01646pt x 93.12572pt.
 [2 <C:/Users/Tex/Desktop/课/cs633/project/final project/report/report/FIGS/ex
amples/1.png>] [3 <C:/Users/Tex/Desktop/课/cs633/project/final project/report/
report/FIGS/examples/2.png> <C:/Users/Tex/Desktop/课/cs633/project/final proje
ct/report/report/FIGS/examples/3.png> <C:/Users/Tex/Desktop/课/cs633/project/f
inal project/report/report/FIGS/examples/4.png>]
<FIGS/1/output1.png, id=99, 72.7518pt x 72.7518pt>
File: FIGS/1/output1.png Graphic file (type png)
 <use FIGS/1/output1.png>
Package pdftex.def Info: FIGS/1/output1.png used on input line 161.
(pdftex.def)             Requested size: 124.01646pt x 124.0183pt.

<FIGS/1/output2.png, id=100, 72.7518pt x 72.7518pt>
File: FIGS/1/output2.png Graphic file (type png)
 <use FIGS/1/output2.png>
Package pdftex.def Info: FIGS/1/output2.png used on input line 167.
(pdftex.def)             Requested size: 124.01646pt x 124.0183pt.

<FIGS/1/output3.png, id=101, 72.7518pt x 72.7518pt>
File: FIGS/1/output3.png Graphic file (type png)
 <use FIGS/1/output3.png>
Package pdftex.def Info: FIGS/1/output3.png used on input line 173.
(pdftex.def)             Requested size: 124.01646pt x 124.0183pt.

<FIGS/1/output4.png, id=102, 72.7518pt x 72.7518pt>
File: FIGS/1/output4.png Graphic file (type png)
 <use FIGS/1/output4.png>
Package pdftex.def Info: FIGS/1/output4.png used on input line 181.
(pdftex.def)             Requested size: 124.01646pt x 124.0183pt.

<FIGS/1/output5.png, id=103, 72.7518pt x 72.7518pt>
File: FIGS/1/output5.png Graphic file (type png)
 <use FIGS/1/output5.png>
Package pdftex.def Info: FIGS/1/output5.png used on input line 187.
(pdftex.def)             Requested size: 124.01646pt x 124.0183pt.

<FIGS/1/output6.png, id=104, 72.7518pt x 72.7518pt>
File: FIGS/1/output6.png Graphic file (type png)
 <use FIGS/1/output6.png>
Package pdftex.def Info: FIGS/1/output6.png used on input line 193.
(pdftex.def)             Requested size: 124.01646pt x 124.0183pt.

<FIGS/1/output7.png, id=105, 72.7518pt x 72.7518pt>
File: FIGS/1/output7.png Graphic file (type png)
 <use FIGS/1/output7.png>
Package pdftex.def Info: FIGS/1/output7.png used on input line 201.
(pdftex.def)             Requested size: 124.01646pt x 124.0183pt.

<FIGS/1/output8.png, id=106, 72.7518pt x 72.7518pt>
File: FIGS/1/output8.png Graphic file (type png)
 <use FIGS/1/output8.png>
Package pdftex.def Info: FIGS/1/output8.png used on input line 207.
(pdftex.def)             Requested size: 124.01646pt x 124.0183pt.

<FIGS/1/output9.png, id=107, 72.7518pt x 72.7518pt>
File: FIGS/1/output9.png Graphic file (type png)
 <use FIGS/1/output9.png>
Package pdftex.def Info: FIGS/1/output9.png used on input line 213.
(pdftex.def)             Requested size: 124.01646pt x 124.0183pt.

<FIGS/1/output10.png, id=108, 72.7518pt x 72.7518pt>
File: FIGS/1/output10.png Graphic file (type png)
 <use FIGS/1/output10.png>
Package pdftex.def Info: FIGS/1/output10.png used on input line 219.
(pdftex.def)             Requested size: 124.01646pt x 124.0183pt.

<FIGS/2/output1.png, id=109, 72.7518pt x 72.7518pt>
File: FIGS/2/output1.png Graphic file (type png)
 <use FIGS/2/output1.png>
Package pdftex.def Info: FIGS/2/output1.png used on input line 228.
(pdftex.def)             Requested size: 124.01646pt x 124.0183pt.

<FIGS/2/output2.png, id=110, 72.7518pt x 72.7518pt>
File: FIGS/2/output2.png Graphic file (type png)
 <use FIGS/2/output2.png>
Package pdftex.def Info: FIGS/2/output2.png used on input line 234.
(pdftex.def)             Requested size: 124.01646pt x 124.0183pt.

<FIGS/2/output3.png, id=111, 72.7518pt x 72.7518pt>
File: FIGS/2/output3.png Graphic file (type png)
 <use FIGS/2/output3.png>
Package pdftex.def Info: FIGS/2/output3.png used on input line 240.
(pdftex.def)             Requested size: 124.01646pt x 124.0183pt.

<FIGS/2/output4.png, id=112, 72.7518pt x 72.7518pt>
File: FIGS/2/output4.png Graphic file (type png)
 <use FIGS/2/output4.png>
Package pdftex.def Info: FIGS/2/output4.png used on input line 248.
(pdftex.def)             Requested size: 124.01646pt x 124.0183pt.

<FIGS/2/output5.png, id=113, 72.7518pt x 72.7518pt>
File: FIGS/2/output5.png Graphic file (type png)
 <use FIGS/2/output5.png>
Package pdftex.def Info: FIGS/2/output5.png used on input line 254.
(pdftex.def)             Requested size: 124.01646pt x 124.0183pt.

<FIGS/2/output6.png, id=114, 72.7518pt x 72.7518pt>
File: FIGS/2/output6.png Graphic file (type png)
 <use FIGS/2/output6.png>
Package pdftex.def Info: FIGS/2/output6.png used on input line 260.
(pdftex.def)             Requested size: 124.01646pt x 124.0183pt.

<FIGS/2/output7.png, id=115, 72.7518pt x 72.7518pt>
File: FIGS/2/output7.png Graphic file (type png)
 <use FIGS/2/output7.png>
Package pdftex.def Info: FIGS/2/output7.png used on input line 268.
(pdftex.def)             Requested size: 124.01646pt x 124.0183pt.

<FIGS/2/output8.png, id=116, 72.7518pt x 72.7518pt>
File: FIGS/2/output8.png Graphic file (type png)
 <use FIGS/2/output8.png>
Package pdftex.def Info: FIGS/2/output8.png used on input line 274.
(pdftex.def)             Requested size: 124.01646pt x 124.0183pt.

<FIGS/2/output9.png, id=117, 72.7518pt x 72.7518pt>
File: FIGS/2/output9.png Graphic file (type png)
 <use FIGS/2/output9.png>
Package pdftex.def Info: FIGS/2/output9.png used on input line 280.
(pdftex.def)             Requested size: 124.01646pt x 124.0183pt.

[4] [5 <C:/Users/Tex/Desktop/课/cs633/project/final project/report/report/FIGS
/1/output1.png> <C:/Users/Tex/Desktop/课/cs633/project/final project/report/re
port/FIGS/1/output2.png> <C:/Users/Tex/Desktop/课/cs633/project/final project/
report/report/FIGS/1/output3.png> <C:/Users/Tex/Desktop/课/cs633/project/final
 project/report/report/FIGS/1/output4.png> <C:/Users/Tex/Desktop/课/cs633/proj
ect/final project/report/report/FIGS/1/output5.png> <C:/Users/Tex/Desktop/课/c
s633/project/final project/report/report/FIGS/1/output6.png>] [6 <C:/Users/Tex/
Desktop/课/cs633/project/final project/report/report/FIGS/1/output7.png> <C:/U
sers/Tex/Desktop/课/cs633/project/final project/report/report/FIGS/1/output8.p
ng> <C:/Users/Tex/Desktop/课/cs633/project/final project/report/report/FIGS/1/
output9.png> <C:/Users/Tex/Desktop/课/cs633/project/final project/report/repor
t/FIGS/1/output10.png> <C:/Users/Tex/Desktop/课/cs633/project/final project/re
port/report/FIGS/2/output1.png> <C:/Users/Tex/Desktop/课/cs633/project/final p
roject/report/report/FIGS/2/output2.png> <C:/Users/Tex/Desktop/课/cs633/projec
t/final project/report/report/FIGS/2/output3.png>] [7 <C:/Users/Tex/Desktop/课
/cs633/project/final project/report/report/FIGS/2/output4.png> <C:/Users/Tex/De
sktop/课/cs633/project/final project/report/report/FIGS/2/output5.png> <C:/Use
rs/Tex/Desktop/课/cs633/project/final project/report/report/FIGS/2/output6.png
> <C:/Users/Tex/Desktop/课/cs633/project/final project/report/report/FIGS/2/ou
tput7.png> <C:/Users/Tex/Desktop/课/cs633/project/final project/report/report/
FIGS/2/output8.png> <C:/Users/Tex/Desktop/课/cs633/project/final project/repor
t/report/FIGS/2/output9.png>]
("C:\Users\Tex\Desktop\课\cs633\project\final project\report\report\report.brf
")
\tf@brf=\write5
Package atveryend Info: Empty hook `BeforeClearDocument' on input line 297.
 [8]
Package atveryend Info: Empty hook `AfterLastShipout' on input line 297.

("C:\Users\Tex\Desktop\课\cs633\project\final project\report\report\report.aux
")
Package atveryend Info: Executing hook `AtVeryEndDocument' on input line 297.
Package atveryend Info: Executing hook `AtEndAfterFileList' on input line 297.


Package rerunfilecheck Warning: File `report.out' has changed.
(rerunfilecheck)                Rerun to get outlines right
(rerunfilecheck)                or use package `bookmark'.

Package rerunfilecheck Info: Checksums for `report.out':
(rerunfilecheck)             Before: 4F0DFEB03E56FB3C058FE625C48687D5;3210
(rerunfilecheck)             After:  276808A758B4F698D1C1CE4890750989;1156.
Package rerunfilecheck Info: File `report.brf' has not changed.
(rerunfilecheck)             Checksum: D41D8CD98F00B204E9800998ECF8427E;0.

LaTeX Warning: There were multiply-defined labels.

 ) 
Here is how much of TeX's memory you used:
 7543 strings out of 495354
 110263 string characters out of 3183858
 203424 words of memory out of 3000000
 10574 multiletter control sequences out of 15000+200000
 10778 words of font info for 42 fonts, out of 3000000 for 9000
 14 hyphenation exceptions out of 8191
 44i,9n,42p,917b,366s stack positions out of 5000i,500n,10000p,200000b,50000s
<C:/CTEX/MiKTeX/fonts/type1/public/amsfonts/cm/cmbx10.pfb><C:/CTEX/MiKTeX/fon
ts/type1/public/amsfonts/cm/cmbx12.pfb><C:/CTEX/MiKTeX/fonts/type1/public/amsfo
nts/cm/cmr10.pfb><C:/CTEX/MiKTeX/fonts/type1/public/amsfonts/cm/cmr12.pfb><C:/C
TEX/MiKTeX/fonts/type1/public/amsfonts/cm/cmti10.pfb>
Output written on report.pdf (8 pages, 144392 bytes).
PDF statistics:
 173 PDF objects out of 1000 (max. 8388607)
 36 named destinations out of 1000 (max. 500000)
 252 words of extra memory for PDF output out of 10000 (max. 10000000)

